[debug] [2024-02-21T09:46:33.916Z] ----------------------------------------------------------------------
[debug] [2024-02-21T09:46:33.918Z] Command:       C:\Program Files\nodejs\node.exe C:\Users\LONG-TRAN\AppData\Roaming\npm\node_modules\firebase-tools\lib\bin\firebase.js init
[debug] [2024-02-21T09:46:33.918Z] CLI Version:   13.3.0
[debug] [2024-02-21T09:46:33.918Z] Platform:      win32
[debug] [2024-02-21T09:46:33.918Z] Node Version:  v18.16.0
[debug] [2024-02-21T09:46:33.919Z] Time:          Wed Feb 21 2024 16:46:33 GMT+0700 (Indochina Time)
[debug] [2024-02-21T09:46:33.919Z] ----------------------------------------------------------------------
[debug] 
[debug] [2024-02-21T09:46:33.923Z] > command requires scopes: ["email","openid","https://www.googleapis.com/auth/cloudplatformprojects.readonly","https://www.googleapis.com/auth/firebase","https://www.googleapis.com/auth/cloud-platform"]
[debug] [2024-02-21T09:46:33.924Z] > authorizing via signed-in user (long.tran121284@gmail.com)
[info] 
     ######## #### ########  ######## ########     ###     ######  ########
     ##        ##  ##     ## ##       ##     ##  ##   ##  ##       ##
     ######    ##  ########  ######   ########  #########  ######  ######
     ##        ##  ##    ##  ##       ##     ## ##     ##       ## ##
     ##       #### ##     ## ######## ########  ##     ##  ######  ########

You're about to initialize a Firebase project in this directory:

  D:\LONG_DATA\MY_PROJECTS\ANGULAR\baitaptoan

[info] 
=== Project Setup
[info] 
[info] First, let's associate this project directory with a Firebase project.
[info] You can create multiple project aliases by running firebase use --add, 
[info] but for now we'll just set up a default project.
[info] 
[info] i  If you want to create a project in a Google Cloud organization or folder, please use "firebase projects:create" instead, and return to this command when you've created the project. 
